#! /usr/bin/vvp
:ivl_version "11.0 (stable)" "(v11_0)";
:ivl_delay_selection "TYPICAL";
:vpi_time_precision + 0;
:vpi_module "/usr/lib/ivl/system.vpi";
:vpi_module "/usr/lib/ivl/vhdl_sys.vpi";
:vpi_module "/usr/lib/ivl/vhdl_textio.vpi";
:vpi_module "/usr/lib/ivl/v2005_math.vpi";
:vpi_module "/usr/lib/ivl/va_math.vpi";
S_0x55fc7db78d70 .scope module, "mux" "mux" 2 1;
 .timescale 0 0;
    .port_info 0 /INPUT 4 "i_en";
    .port_info 1 /INPUT 8 "i_D0";
    .port_info 2 /INPUT 8 "i_D1";
    .port_info 3 /INPUT 8 "i_D2";
    .port_info 4 /INPUT 8 "i_D3";
    .port_info 5 /OUTPUT 8 "o_Q";
P_0x55fc7db78f00 .param/l "WIDHT" 0 2 1, +C4<00000000000000000000000000001000>;
o0x7f8fd1656018 .functor BUFZ 8, C4<zzzzzzzz>; HiZ drive
v0x55fc7db79070_0 .net "i_D0", 7 0, o0x7f8fd1656018;  0 drivers
o0x7f8fd1656048 .functor BUFZ 8, C4<zzzzzzzz>; HiZ drive
v0x55fc7dbc2260_0 .net "i_D1", 7 0, o0x7f8fd1656048;  0 drivers
o0x7f8fd1656078 .functor BUFZ 8, C4<zzzzzzzz>; HiZ drive
v0x55fc7dbc2340_0 .net "i_D2", 7 0, o0x7f8fd1656078;  0 drivers
o0x7f8fd16560a8 .functor BUFZ 8, C4<zzzzzzzz>; HiZ drive
v0x55fc7dbc2400_0 .net "i_D3", 7 0, o0x7f8fd16560a8;  0 drivers
o0x7f8fd16560d8 .functor BUFZ 4, C4<zzzz>; HiZ drive
v0x55fc7dbc24e0_0 .net "i_en", 0 3, o0x7f8fd16560d8;  0 drivers
v0x55fc7dbc2610_0 .var "o_Q", 7 0;
E_0x55fc7dbb25e0/0 .event edge, v0x55fc7db79070_0, v0x55fc7dbc24e0_0, v0x55fc7dbc2260_0, v0x55fc7dbc2340_0;
E_0x55fc7dbb25e0/1 .event edge, v0x55fc7dbc2400_0;
E_0x55fc7dbb25e0 .event/or E_0x55fc7dbb25e0/0, E_0x55fc7dbb25e0/1;
    .scope S_0x55fc7db78d70;
T_0 ;
    %wait E_0x55fc7dbb25e0;
    %pushi/vec4 1, 0, 32;
    %dup/vec4;
    %load/vec4 v0x55fc7dbc24e0_0;
    %parti/s 1, 3, 3;
    %pad/u 32;
    %cmp/u;
    %jmp/1 T_0.0, 6;
    %dup/vec4;
    %load/vec4 v0x55fc7dbc24e0_0;
    %parti/s 1, 2, 3;
    %pad/u 32;
    %cmp/u;
    %jmp/1 T_0.1, 6;
    %dup/vec4;
    %load/vec4 v0x55fc7dbc24e0_0;
    %parti/s 1, 1, 2;
    %pad/u 32;
    %cmp/u;
    %jmp/1 T_0.2, 6;
    %dup/vec4;
    %load/vec4 v0x55fc7dbc24e0_0;
    %parti/s 1, 0, 2;
    %pad/u 32;
    %cmp/u;
    %jmp/1 T_0.3, 6;
    %jmp T_0.4;
T_0.0 ;
    %load/vec4 v0x55fc7db79070_0;
    %assign/vec4 v0x55fc7dbc2610_0, 0;
    %jmp T_0.4;
T_0.1 ;
    %load/vec4 v0x55fc7dbc2260_0;
    %assign/vec4 v0x55fc7dbc2610_0, 0;
    %jmp T_0.4;
T_0.2 ;
    %load/vec4 v0x55fc7dbc2340_0;
    %assign/vec4 v0x55fc7dbc2610_0, 0;
    %jmp T_0.4;
T_0.3 ;
    %load/vec4 v0x55fc7dbc2400_0;
    %assign/vec4 v0x55fc7dbc2610_0, 0;
    %jmp T_0.4;
T_0.4 ;
    %pop/vec4 1;
    %jmp T_0;
    .thread T_0, $push;
# The file index is used to find the file name in the following table.
:file_names 3;
    "N/A";
    "<interactive>";
    "mux.v";
